<?xml version="1.0" encoding="UTF-8"?>
<!-- Generated by org.testng.reporters.JUnitReportReporter -->
<testsuite skipped="0" hostname="UmaSundar" name="com.Restaurant.testCases.TC_LoginTest_001" tests="1" failures="0" timestamp="07 May 2020 17:46:59 GMT" time="18.340" errors="0">
  <testcase name="loginTest" time="18.340" classname="com.Restaurant.testCases.TC_LoginTest_001"/>
</testsuite> <!-- com.Restaurant.testCases.TC_LoginTest_001 -->
