<?xml version="1.0" encoding="UTF-8"?>
<!-- Generated by org.testng.reporters.JUnitReportReporter -->
<testsuite skipped="0" hostname="UmaSundar" name="com.Restaurant.testCases.TC_AddLoginCredentials_003" tests="4" failures="0" timestamp="07 May 2020 17:46:59 GMT" time="3.734" errors="0">
  <testcase name="SignUpTest" time="1.746" classname="com.Restaurant.testCases.TC_AddLoginCredentials_003"/>
  <testcase name="SignUpTest" time="0.602" classname="com.Restaurant.testCases.TC_AddLoginCredentials_003"/>
  <testcase name="SignUpTest" time="0.703" classname="com.Restaurant.testCases.TC_AddLoginCredentials_003"/>
  <testcase name="SignUpTest" time="0.683" classname="com.Restaurant.testCases.TC_AddLoginCredentials_003"/>
</testsuite> <!-- com.Restaurant.testCases.TC_AddLoginCredentials_003 -->
